<?xml version="1.0" encoding="UTF-8"?>
<!-- Generated by org.testng.reporters.JUnitXMLReporter -->
<testsuite ignored="0" hostname="LIN24006872" failures="1" tests="3" name="Command line test" time="23.725" errors="0" timestamp="24 Sep 2021 08:55:55 GMT">
  <testcase classname="com.cg.app.testcases.HomePageTest" name="verifyHomePageTitleTest" time="0.016"/>
  <testcase classname="com.cg.app.testcases.HomePageTest" name="verifyVaccineSlots" time="4.048">
    <failure type="java.lang.IndexOutOfBoundsException" message="Index 42 out of bounds for length 42">
      <![CDATA[java.lang.IndexOutOfBoundsException: Index 42 out of bounds for length 42
at java.base/jdk.internal.util.Preconditions.outOfBounds(Preconditions.java:64)
at java.base/jdk.internal.util.Preconditions.outOfBoundsCheckIndex(Preconditions.java:70)
at java.base/jdk.internal.util.Preconditions.checkIndex(Preconditions.java:266)
at java.base/java.util.Objects.checkIndex(Objects.java:359)
at java.base/java.util.ArrayList.get(ArrayList.java:427)
at com.cg.app.pages.HomePage.verifyVaccineSlots(HomePage.java:89)
at com.cg.app.testcases.HomePageTest.verifyVaccineSlots(HomePageTest.java:41)
... Removed 34 stack frames]]>
    </failure>
  </testcase> <!-- verifyVaccineSlots -->
  <testcase classname="com.cg.app.testcases.HomePageTest" name="verifyVaccineSlots" time="10.769"/>
</testsuite> <!-- Command line test -->
