<?xml version="1.0" encoding="UTF-8"?>
<!-- Generated by org.testng.reporters.JUnitXMLReporter -->
<testsuite ignored="0" hostname="LIN24006872" failures="0" tests="2" name="Command line test" time="3.806" errors="0" timestamp="23 Sep 2021 13:29:52 GMT">
  <testcase classname="com.cg.app.testcases.HomePageTest" name="verifyHomePageTitleTest" time="0.007"/>
  <testcase classname="com.cg.app.testcases.HomePageTest" name="verifyVaccineSlots" time="0.0">
    <skipped/>
  </testcase> <!-- verifyVaccineSlots -->
</testsuite> <!-- Command line test -->
