<?xml version="1.0" encoding="UTF-8"?>
<!-- Generated by org.testng.reporters.JUnitXMLReporter -->
<testsuite ignored="0" hostname="LIN24006872" failures="0" tests="4" name="Automation tests" time="44.694" errors="0" timestamp="29 Sep 2021 14:20:04 GMT">
  <testcase classname="com.cg.app.testcases.HomePageTest" name="verifyHomePageTitleTest" time="0.06"/>
  <testcase classname="com.cg.app.testcases.HomePageTest" name="verifyVaccineSlots" time="6.392"/>
  <testcase classname="com.cg.app.testcases.HomePageTest" name="verifyVaccineSlots" time="5.895"/>
  <testcase classname="com.cg.app.testcases.HomePageTest" name="verifyVaccineSlots" time="9.393"/>
</testsuite> <!-- Automation tests -->
