<?xml version="1.0" encoding="UTF-8"?>
<testng-results ignored="0" total="3" passed="2" failed="1" skipped="0">
  <reporter-output>
  </reporter-output>
  <suite started-at="2021-09-24T08:55:31Z" name="com.cg.app.testcases.HomePageTest" finished-at="2021-09-24T08:55:55Z" duration-ms="23725">
    <groups>
    </groups>
    <test started-at="2021-09-24T08:55:31Z" name="Command line test" finished-at="2021-09-24T08:55:55Z" duration-ms="23725">
      <class name="com.cg.app.testcases.HomePageTest">
        <test-method is-config="true" signature="setUp()[pri:0, instance:com.cg.app.testcases.HomePageTest@3c407114]" started-at="2021-09-24T08:55:31Z" name="setUp" finished-at="2021-09-24T08:55:34Z" duration-ms="3184" status="PASS">
          <reporter-output>
          </reporter-output>
        </test-method> <!-- setUp -->
        <test-method signature="verifyHomePageTitleTest()[pri:1, instance:com.cg.app.testcases.HomePageTest@3c407114]" started-at="2021-09-24T08:55:34Z" name="verifyHomePageTitleTest" finished-at="2021-09-24T08:55:34Z" duration-ms="16" status="PASS">
          <reporter-output>
          </reporter-output>
        </test-method> <!-- verifyHomePageTitleTest -->
        <test-method is-config="true" signature="tearDown()[pri:0, instance:com.cg.app.testcases.HomePageTest@3c407114]" started-at="2021-09-24T08:55:34Z" name="tearDown" finished-at="2021-09-24T08:55:34Z" duration-ms="143" status="PASS">
          <reporter-output>
          </reporter-output>
        </test-method> <!-- tearDown -->
        <test-method is-config="true" signature="setUp()[pri:0, instance:com.cg.app.testcases.HomePageTest@3c407114]" started-at="2021-09-24T08:55:35Z" name="setUp" finished-at="2021-09-24T08:55:37Z" duration-ms="2367" status="PASS">
          <reporter-output>
          </reporter-output>
        </test-method> <!-- setUp -->
        <test-method signature="verifyVaccineSlots(java.lang.String, java.lang.String, java.lang.String, java.lang.String)[pri:2, instance:com.cg.app.testcases.HomePageTest@3c407114]" started-at="2021-09-24T08:55:37Z" name="verifyVaccineSlots" data-provider="TestData" finished-at="2021-09-24T08:55:41Z" duration-ms="4048" status="FAIL">
          <params>
            <param index="0">
              <value>
                <![CDATA[Maharashtra]]>
              </value>
            </param>
            <param index="1">
              <value>
                <![CDATA[Palghar]]>
              </value>
            </param>
            <param index="2">
              <value>
                <![CDATA[Paid]]>
              </value>
            </param>
            <param index="3">
              <value>
                <![CDATA[Covishield]]>
              </value>
            </param>
          </params>
          <exception class="java.lang.IndexOutOfBoundsException">
            <message>
              <![CDATA[Index 42 out of bounds for length 42]]>
            </message>
            <full-stacktrace>
              <![CDATA[java.lang.IndexOutOfBoundsException: Index 42 out of bounds for length 42
at java.base/jdk.internal.util.Preconditions.outOfBounds(Preconditions.java:64)
at java.base/jdk.internal.util.Preconditions.outOfBoundsCheckIndex(Preconditions.java:70)
at java.base/jdk.internal.util.Preconditions.checkIndex(Preconditions.java:266)
at java.base/java.util.Objects.checkIndex(Objects.java:359)
at java.base/java.util.ArrayList.get(ArrayList.java:427)
at com.cg.app.pages.HomePage.verifyVaccineSlots(HomePage.java:89)
at com.cg.app.testcases.HomePageTest.verifyVaccineSlots(HomePageTest.java:41)
at java.base/jdk.internal.reflect.NativeMethodAccessorImpl.invoke0(Native Method)
at java.base/jdk.internal.reflect.NativeMethodAccessorImpl.invoke(NativeMethodAccessorImpl.java:78)
at java.base/jdk.internal.reflect.DelegatingMethodAccessorImpl.invoke(DelegatingMethodAccessorImpl.java:43)
at java.base/java.lang.reflect.Method.invoke(Method.java:567)
at org.testng.internal.MethodInvocationHelper.invokeMethod(MethodInvocationHelper.java:124)
at org.testng.internal.Invoker.invokeMethod(Invoker.java:583)
at org.testng.internal.Invoker.invokeTestMethod(Invoker.java:719)
at org.testng.internal.Invoker.invokeTestMethods(Invoker.java:989)
at org.testng.internal.TestMethodWorker.invokeTestMethods(TestMethodWorker.java:125)
at org.testng.internal.TestMethodWorker.run(TestMethodWorker.java:109)
at org.testng.TestRunner.privateRun(TestRunner.java:648)
at org.testng.TestRunner.run(TestRunner.java:505)
at org.testng.SuiteRunner.runTest(SuiteRunner.java:455)
at org.testng.SuiteRunner.runSequentially(SuiteRunner.java:450)
at org.testng.SuiteRunner.privateRun(SuiteRunner.java:415)
at org.testng.SuiteRunner.run(SuiteRunner.java:364)
at org.testng.SuiteRunnerWorker.runSuite(SuiteRunnerWorker.java:52)
at org.testng.SuiteRunnerWorker.run(SuiteRunnerWorker.java:84)
at org.testng.TestNG.runSuitesSequentially(TestNG.java:1208)
at org.testng.TestNG.runSuitesLocally(TestNG.java:1137)
at org.testng.TestNG.runSuites(TestNG.java:1049)
at org.testng.TestNG.run(TestNG.java:1017)
at org.apache.maven.surefire.testng.TestNGExecutor.run(TestNGExecutor.java:77)
at org.apache.maven.surefire.testng.TestNGDirectoryTestSuite.execute(TestNGDirectoryTestSuite.java:110)
at org.apache.maven.surefire.testng.TestNGProvider.invoke(TestNGProvider.java:106)
at java.base/jdk.internal.reflect.NativeMethodAccessorImpl.invoke0(Native Method)
at java.base/jdk.internal.reflect.NativeMethodAccessorImpl.invoke(NativeMethodAccessorImpl.java:78)
at java.base/jdk.internal.reflect.DelegatingMethodAccessorImpl.invoke(DelegatingMethodAccessorImpl.java:43)
at java.base/java.lang.reflect.Method.invoke(Method.java:567)
at org.apache.maven.surefire.util.ReflectionUtils.invokeMethodWithArray(ReflectionUtils.java:189)
at org.apache.maven.surefire.booter.ProviderFactory$ProviderProxy.invoke(ProviderFactory.java:165)
at org.apache.maven.surefire.booter.ProviderFactory.invokeProvider(ProviderFactory.java:85)
at org.apache.maven.surefire.booter.ForkedBooter.runSuitesInProcess(ForkedBooter.java:115)
at org.apache.maven.surefire.booter.ForkedBooter.main(ForkedBooter.java:75)
]]>
            </full-stacktrace>
          </exception> <!-- java.lang.IndexOutOfBoundsException -->
          <reporter-output>
          </reporter-output>
        </test-method> <!-- verifyVaccineSlots -->
        <test-method is-config="true" signature="tearDown()[pri:0, instance:com.cg.app.testcases.HomePageTest@3c407114]" started-at="2021-09-24T08:55:41Z" name="tearDown" finished-at="2021-09-24T08:55:41Z" duration-ms="148" status="PASS">
          <reporter-output>
          </reporter-output>
        </test-method> <!-- tearDown -->
        <test-method is-config="true" signature="setUp()[pri:0, instance:com.cg.app.testcases.HomePageTest@3c407114]" started-at="2021-09-24T08:55:41Z" name="setUp" finished-at="2021-09-24T08:55:44Z" duration-ms="2391" status="PASS">
          <reporter-output>
          </reporter-output>
        </test-method> <!-- setUp -->
        <test-method signature="verifyVaccineSlots(java.lang.String, java.lang.String, java.lang.String, java.lang.String)[pri:2, instance:com.cg.app.testcases.HomePageTest@3c407114]" started-at="2021-09-24T08:55:44Z" name="verifyVaccineSlots" data-provider="TestData" finished-at="2021-09-24T08:55:55Z" duration-ms="10769" status="PASS">
          <params>
            <param index="0">
              <value>
                <![CDATA[Maharashtra]]>
              </value>
            </param>
            <param index="1">
              <value>
                <![CDATA[Mumbai]]>
              </value>
            </param>
            <param index="2">
              <value>
                <![CDATA[Free]]>
              </value>
            </param>
            <param index="3">
              <value>
                <![CDATA[Covishield]]>
              </value>
            </param>
          </params>
          <reporter-output>
          </reporter-output>
        </test-method> <!-- verifyVaccineSlots -->
        <test-method is-config="true" signature="tearDown()[pri:0, instance:com.cg.app.testcases.HomePageTest@3c407114]" started-at="2021-09-24T08:55:55Z" name="tearDown" finished-at="2021-09-24T08:55:55Z" duration-ms="137" status="PASS">
          <reporter-output>
          </reporter-output>
        </test-method> <!-- tearDown -->
      </class> <!-- com.cg.app.testcases.HomePageTest -->
    </test> <!-- Command line test -->
  </suite> <!-- com.cg.app.testcases.HomePageTest -->
</testng-results>
