<?xml version="1.0" encoding="UTF-8" ?>
<testsuite tests="3" failures="1" name="com.cg.app.testcases.HomePageTest" time="14.839" errors="0" skipped="0">
  <properties>
[...]
</properties>
  <testcase classname="com.cg.app.testcases.HomePageTest" name="verifyHomePageTitleTest" time="0.021"/>
  <testcase classname="com.cg.app.testcases.HomePageTest" name="verifyVaccineSlots" time="4.05">
    <failure message="Index 42 out of bounds for length 42" type="java.lang.IndexOutOfBoundsException">java.lang.IndexOutOfBoundsException: Index 42 out of bounds for length 42
	at java.base/jdk.internal.util.Preconditions.outOfBounds(Preconditions.java:64)
	at java.base/jdk.internal.util.Preconditions.outOfBoundsCheckIndex(Preconditions.java:70)
	at java.base/jdk.internal.util.Preconditions.checkIndex(Preconditions.java:266)
	at java.base/java.util.Objects.checkIndex(Objects.java:359)
	at java.base/java.util.ArrayList.get(ArrayList.java:427)
	at com.cg.app.pages.HomePage.verifyVaccineSlots(HomePage.java:89)
	at com.cg.app.testcases.HomePageTest.verifyVaccineSlots(HomePageTest.java:41)
</failure>
    <system-out>Maharashtra
Palghar
Paid
Covishield
Maharashtra
Mumbai
Free
Covishield
45 Vaccine Centres Found:
CITYCARE HOSPITAL VASAI PAID
VAJRESHWARI HOSPITAL AND ICU PAID
ICON HOSPITAL NALLSOPARA PAID
ANKUR HOSPITAL1 PAID
SAI SAMARTH HOSPITAL VIRAR PAID
NIDAN RUGNASEVA DIGNOSTICS PAID
AYUSH NURSING HOME NALLASOPARA PAID
CHINMAYA HOSPITAL BOISAR PAID
TALASARI RH
JEEVAN JYOT HOSPITAL PALGHAR PAID
SM HOSPITAL NALLASOPARA PAID
RISK CARE HOSPITAL VIRAR PAID
KRISHNA HOSPITAL VASAI PAID
NIDAN DIAGNOSTICS 2 PAID
ARISE HOSPITAL NALLASOPARA PAID
PRIYADARSHANI HOSPITAL PAID
PHC TALWADA
SARASWATI HOSPITAL NALLASOPARA PAID
PALGHAR RH
NIDAN DIAGNOSTICS 3 PAID
NALASOPARA MEDICAL COLLEGE PAID
PHILIA HOSPITAL PAID
SUTRAKAR PHC
CARE AND CURE PAID
VIJAYALAXMI HOSPITAL PAID
JEEVAN JYOTI HOSPITAL SOPARA PAID
SC ZARI PHC WASA
VARAD HOSPITAL BOISAR PAID
HITAM HOSPITAL NALLASOPARA PAID
SIDDHI DIAGNOSTICS VVMC PAID
ADHIKARI LIFELINE BOISAR PAID
ANAND CHANDAVARKAR HOSPITAL PAID
AAGASHI PHC
SC VADAVALI
SANJIVANI HOSPITAL BOISAR PAID
CARDINAL GRACIAS PAID
GURUKRUPA HOSPITAL VIRAR PAID
SHUBHAM LIFELINE PAID
JANSEVA HOSPITAL VASAI PAID
SAI CHAITANYA HOSPITAL VIRAR PAID
AMRAVATI HOSPITAL BOLINJ PAID
CITY GENERAL HOSPITAL BOISAR PAID
ANUSAYA CHILDREN HOSPITAL PAID
ISHAAN HOSPITAL NAIGAON PAID
KRISHNA HOSPITAL1 PAID
Dose 1 slots:
42 slots
50 slots
16 slots
97 slots
19 slots
37 slots
31 slots
137 slots
?
95 slots
198 slots
46 slots
287 slots
192 slots
19 slots
193 slots
23 slots
?
283 slots
?
95 slots
?
86 slots
20 slots
47 slots
?
81 slots
13 slots
45 slots
191 slots
49 slots
?
?
45 slots
134 slots
94 slots
48 slots
36 slots
48 slots
41 slots
24 slots
74 slots
37 slots
68 slots
Dose 2 slots:
40 slots
48 slots
12 slots
13 slots
29 slots
17 slots
?
134 slots
?
43 slots
96 slots
233 slots
183 slots
?
191 slots
19 slots
?
74 slots
?
?
95 slots
?
72 slots
20 slots
48 slots
?
90 slots
12 slots
44 slots
192 slots
50 slots
?
?
44 slots
117 slots
92 slots
46 slots
45 slots
24 slots
24 slots
27 slots
30 slots
                     Centres                    |          Dose 1          |          Dose 2          |
   CITYCARE HOSPITAL VASAI PAID   |          42 slots          |          40 slots          |
   VAJRESHWARI HOSPITAL AND ICU PAID   |          50 slots          |          48 slots          |
   ICON HOSPITAL NALLSOPARA PAID   |          16 slots          |          12 slots          |
   ANKUR HOSPITAL1 PAID   |          97 slots          |          13 slots          |
   SAI SAMARTH HOSPITAL VIRAR PAID   |          19 slots          |          29 slots          |
   NIDAN RUGNASEVA DIGNOSTICS PAID   |          37 slots          |          17 slots          |
   AYUSH NURSING HOME NALLASOPARA PAID   |          31 slots          |          ?          |
   CHINMAYA HOSPITAL BOISAR PAID   |          137 slots          |          134 slots          |
   TALASARI RH   |          ?          |          ?          |
   JEEVAN JYOT HOSPITAL PALGHAR PAID   |          95 slots          |          43 slots          |
   SM HOSPITAL NALLASOPARA PAID   |          198 slots          |          96 slots          |
   RISK CARE HOSPITAL VIRAR PAID   |          46 slots          |          233 slots          |
   KRISHNA HOSPITAL VASAI PAID   |          287 slots          |          183 slots          |
   NIDAN DIAGNOSTICS 2 PAID   |          192 slots          |          ?          |
   ARISE HOSPITAL NALLASOPARA PAID   |          19 slots          |          191 slots          |
   PRIYADARSHANI HOSPITAL PAID   |          193 slots          |          19 slots          |
   PHC TALWADA   |          23 slots          |          ?          |
   SARASWATI HOSPITAL NALLASOPARA PAID   |          ?          |          74 slots          |
   PALGHAR RH   |          283 slots          |          ?          |
   NIDAN DIAGNOSTICS 3 PAID   |          ?          |          ?          |
   NALASOPARA MEDICAL COLLEGE PAID   |          95 slots          |          95 slots          |
   PHILIA HOSPITAL PAID   |          ?          |          ?          |
   SUTRAKAR PHC   |          86 slots          |          72 slots          |
   CARE AND CURE PAID   |          20 slots          |          20 slots          |
   VIJAYALAXMI HOSPITAL PAID   |          47 slots          |          48 slots          |
   JEEVAN JYOTI HOSPITAL SOPARA PAID   |          ?          |          ?          |
   SC ZARI PHC WASA   |          81 slots          |          90 slots          |
   VARAD HOSPITAL BOISAR PAID   |          13 slots          |          12 slots          |
   HITAM HOSPITAL NALLASOPARA PAID   |          45 slots          |          44 slots          |
   SIDDHI DIAGNOSTICS VVMC PAID   |          191 slots          |          192 slots          |
   ADHIKARI LIFELINE BOISAR PAID   |          49 slots          |          50 slots          |
   ANAND CHANDAVARKAR HOSPITAL PAID   |          ?          |          ?          |
   AAGASHI PHC   |          ?          |          ?          |
   SC VADAVALI   |          45 slots          |          44 slots          |
   SANJIVANI HOSPITAL BOISAR PAID   |          134 slots          |          117 slots          |
   CARDINAL GRACIAS PAID   |          94 slots          |          92 slots          |
   GURUKRUPA HOSPITAL VIRAR PAID   |          48 slots          |          46 slots          |
   SHUBHAM LIFELINE PAID   |          36 slots          |          45 slots          |
   JANSEVA HOSPITAL VASAI PAID   |          48 slots          |          24 slots          |
   SAI CHAITANYA HOSPITAL VIRAR PAID   |          41 slots          |          24 slots          |
   AMRAVATI HOSPITAL BOLINJ PAID   |          24 slots          |          27 slots          |
   CITY GENERAL HOSPITAL BOISAR PAID   |          74 slots          |          30 slots          |
</system-out>
    <system-err>Starting ChromeDriver 93.0.4577.15 (660fc11082ba57405eca2e8c49c3e1af756fbfae-refs/branch-heads/4577@{#203}) on port 35381
Only local connections are allowed.
Please see https://chromedriver.chromium.org/security-considerations for suggestions on keeping ChromeDriver safe.
ChromeDriver was started successfully.
[1632473736.266][WARNING]: This version of ChromeDriver has not been tested with Chrome version 94.
Sep 24, 2021 2:25:36 PM org.openqa.selenium.remote.ProtocolHandshake createSession
INFO: Detected dialect: W3C
</system-err>
  </testcase>
  <testcase classname="com.cg.app.testcases.HomePageTest" name="verifyVaccineSlots" time="10.768"/>
</testsuite>