<?xml version="1.0" encoding="UTF-8"?>
<testng-results ignored="0" total="4" passed="4" failed="0" skipped="0">
  <reporter-output>
  </reporter-output>
  <suite started-at="2021-09-29T14:19:19Z" name="CoWin Test Suite" finished-at="2021-09-29T14:20:04Z" duration-ms="44694">
    <groups>
    </groups>
    <test started-at="2021-09-29T14:19:19Z" name="Automation tests" finished-at="2021-09-29T14:20:04Z" duration-ms="44694">
      <class name="com.cg.app.testcases.HomePageTest">
        <test-method is-config="true" signature="setUp()[pri:0, instance:com.cg.app.testcases.HomePageTest@60015ef5]" started-at="2021-09-29T14:19:19Z" name="setUp" finished-at="2021-09-29T14:19:25Z" duration-ms="6622" status="PASS">
          <reporter-output>
          </reporter-output>
        </test-method> <!-- setUp -->
        <test-method signature="verifyHomePageTitleTest()[pri:1, instance:com.cg.app.testcases.HomePageTest@60015ef5]" started-at="2021-09-29T14:19:25Z" name="verifyHomePageTitleTest" finished-at="2021-09-29T14:19:26Z" duration-ms="60" status="PASS">
          <reporter-output>
          </reporter-output>
        </test-method> <!-- verifyHomePageTitleTest -->
        <test-method is-config="true" signature="tearDown()[pri:0, instance:com.cg.app.testcases.HomePageTest@60015ef5]" started-at="2021-09-29T14:19:26Z" name="tearDown" finished-at="2021-09-29T14:19:26Z" duration-ms="309" status="PASS">
          <reporter-output>
          </reporter-output>
        </test-method> <!-- tearDown -->
        <test-method is-config="true" signature="setUp()[pri:0, instance:com.cg.app.testcases.HomePageTest@60015ef5]" started-at="2021-09-29T14:19:27Z" name="setUp" finished-at="2021-09-29T14:19:31Z" duration-ms="4701" status="PASS">
          <reporter-output>
          </reporter-output>
        </test-method> <!-- setUp -->
        <test-method signature="verifyVaccineSlots(java.lang.String, java.lang.String, java.lang.String, java.lang.String)[pri:2, instance:com.cg.app.testcases.HomePageTest@60015ef5]" started-at="2021-09-29T14:19:31Z" name="verifyVaccineSlots" data-provider="TestData" finished-at="2021-09-29T14:19:38Z" duration-ms="6392" status="PASS">
          <params>
            <param index="0">
              <value>
                <![CDATA[Maharashtra]]>
              </value>
            </param>
            <param index="1">
              <value>
                <![CDATA[Palghar]]>
              </value>
            </param>
            <param index="2">
              <value>
                <![CDATA[Paid]]>
              </value>
            </param>
            <param index="3">
              <value>
                <![CDATA[Covishield]]>
              </value>
            </param>
          </params>
          <reporter-output>
          </reporter-output>
        </test-method> <!-- verifyVaccineSlots -->
        <test-method is-config="true" signature="tearDown()[pri:0, instance:com.cg.app.testcases.HomePageTest@60015ef5]" started-at="2021-09-29T14:19:38Z" name="tearDown" finished-at="2021-09-29T14:19:38Z" duration-ms="237" status="PASS">
          <reporter-output>
          </reporter-output>
        </test-method> <!-- tearDown -->
        <test-method is-config="true" signature="setUp()[pri:0, instance:com.cg.app.testcases.HomePageTest@60015ef5]" started-at="2021-09-29T14:19:38Z" name="setUp" finished-at="2021-09-29T14:19:43Z" duration-ms="4890" status="PASS">
          <reporter-output>
          </reporter-output>
        </test-method> <!-- setUp -->
        <test-method signature="verifyVaccineSlots(java.lang.String, java.lang.String, java.lang.String, java.lang.String)[pri:2, instance:com.cg.app.testcases.HomePageTest@60015ef5]" started-at="2021-09-29T14:19:43Z" name="verifyVaccineSlots" data-provider="TestData" finished-at="2021-09-29T14:19:49Z" duration-ms="5895" status="PASS">
          <params>
            <param index="0">
              <value>
                <![CDATA[Maharashtra]]>
              </value>
            </param>
            <param index="1">
              <value>
                <![CDATA[Mumbai]]>
              </value>
            </param>
            <param index="2">
              <value>
                <![CDATA[Free]]>
              </value>
            </param>
            <param index="3">
              <value>
                <![CDATA[Covishield]]>
              </value>
            </param>
          </params>
          <reporter-output>
          </reporter-output>
        </test-method> <!-- verifyVaccineSlots -->
        <test-method is-config="true" signature="tearDown()[pri:0, instance:com.cg.app.testcases.HomePageTest@60015ef5]" started-at="2021-09-29T14:19:49Z" name="tearDown" finished-at="2021-09-29T14:19:49Z" duration-ms="233" status="PASS">
          <reporter-output>
          </reporter-output>
        </test-method> <!-- tearDown -->
        <test-method is-config="true" signature="setUp()[pri:0, instance:com.cg.app.testcases.HomePageTest@60015ef5]" started-at="2021-09-29T14:19:49Z" name="setUp" finished-at="2021-09-29T14:19:54Z" duration-ms="4777" status="PASS">
          <reporter-output>
          </reporter-output>
        </test-method> <!-- setUp -->
        <test-method signature="verifyVaccineSlots(java.lang.String, java.lang.String, java.lang.String, java.lang.String)[pri:2, instance:com.cg.app.testcases.HomePageTest@60015ef5]" started-at="2021-09-29T14:19:54Z" name="verifyVaccineSlots" data-provider="TestData" finished-at="2021-09-29T14:20:03Z" duration-ms="9393" status="PASS">
          <params>
            <param index="0">
              <value>
                <![CDATA[Maharashtra]]>
              </value>
            </param>
            <param index="1">
              <value>
                <![CDATA[Pune]]>
              </value>
            </param>
            <param index="2">
              <value>
                <![CDATA[Paid]]>
              </value>
            </param>
            <param index="3">
              <value>
                <![CDATA[Covaxin]]>
              </value>
            </param>
          </params>
          <reporter-output>
          </reporter-output>
        </test-method> <!-- verifyVaccineSlots -->
        <test-method is-config="true" signature="tearDown()[pri:0, instance:com.cg.app.testcases.HomePageTest@60015ef5]" started-at="2021-09-29T14:20:03Z" name="tearDown" finished-at="2021-09-29T14:20:04Z" duration-ms="248" status="PASS">
          <reporter-output>
          </reporter-output>
        </test-method> <!-- tearDown -->
      </class> <!-- com.cg.app.testcases.HomePageTest -->
    </test> <!-- Automation tests -->
  </suite> <!-- CoWin Test Suite -->
</testng-results>
