<?xml version="1.0" encoding="UTF-8"?>
<testng-results ignored="0" total="3" passed="3" failed="0" skipped="0">
  <reporter-output>
  </reporter-output>
  <suite started-at="2021-09-24T15:53:51Z" name="Default suite" finished-at="2021-09-24T15:54:06Z" duration-ms="15560">
    <groups>
    </groups>
    <test started-at="2021-09-24T15:53:51Z" name="Default test" finished-at="2021-09-24T15:54:06Z" duration-ms="15560">
      <class name="com.cg.app.testcases.HomePageTest">
        <test-method is-config="true" signature="setUp()[pri:0, instance:com.cg.app.testcases.HomePageTest@5b67bb7e]" started-at="2021-09-24T15:53:51Z" name="setUp" finished-at="2021-09-24T15:53:54Z" duration-ms="3451" status="PASS">
          <reporter-output>
          </reporter-output>
        </test-method> <!-- setUp -->
        <test-method signature="verifyHomePageTitleTest()[pri:1, instance:com.cg.app.testcases.HomePageTest@5b67bb7e]" started-at="2021-09-24T15:53:54Z" name="verifyHomePageTitleTest" finished-at="2021-09-24T15:53:54Z" duration-ms="14" status="PASS">
          <reporter-output>
          </reporter-output>
        </test-method> <!-- verifyHomePageTitleTest -->
        <test-method is-config="true" signature="tearDown()[pri:0, instance:com.cg.app.testcases.HomePageTest@5b67bb7e]" started-at="2021-09-24T15:53:54Z" name="tearDown" finished-at="2021-09-24T15:53:54Z" duration-ms="132" status="PASS">
          <reporter-output>
          </reporter-output>
        </test-method> <!-- tearDown -->
        <test-method is-config="true" signature="setUp()[pri:0, instance:com.cg.app.testcases.HomePageTest@5b67bb7e]" started-at="2021-09-24T15:53:55Z" name="setUp" finished-at="2021-09-24T15:53:58Z" duration-ms="3127" status="PASS">
          <reporter-output>
          </reporter-output>
        </test-method> <!-- setUp -->
        <test-method signature="verifyVaccineSlots(java.lang.String, java.lang.String, java.lang.String, java.lang.String)[pri:2, instance:com.cg.app.testcases.HomePageTest@5b67bb7e]" started-at="2021-09-24T15:53:58Z" name="verifyVaccineSlots" data-provider="TestData" finished-at="2021-09-24T15:54:01Z" duration-ms="2514" status="PASS">
          <params>
            <param index="0">
              <value>
                <![CDATA[Maharashtra]]>
              </value>
            </param>
            <param index="1">
              <value>
                <![CDATA[Palghar]]>
              </value>
            </param>
            <param index="2">
              <value>
                <![CDATA[Paid]]>
              </value>
            </param>
            <param index="3">
              <value>
                <![CDATA[Covishield]]>
              </value>
            </param>
          </params>
          <reporter-output>
          </reporter-output>
        </test-method> <!-- verifyVaccineSlots -->
        <test-method is-config="true" signature="tearDown()[pri:0, instance:com.cg.app.testcases.HomePageTest@5b67bb7e]" started-at="2021-09-24T15:54:01Z" name="tearDown" finished-at="2021-09-24T15:54:01Z" duration-ms="126" status="PASS">
          <reporter-output>
          </reporter-output>
        </test-method> <!-- tearDown -->
        <test-method is-config="true" signature="setUp()[pri:0, instance:com.cg.app.testcases.HomePageTest@5b67bb7e]" started-at="2021-09-24T15:54:01Z" name="setUp" finished-at="2021-09-24T15:54:04Z" duration-ms="3515" status="PASS">
          <reporter-output>
          </reporter-output>
        </test-method> <!-- setUp -->
        <test-method signature="verifyVaccineSlots(java.lang.String, java.lang.String, java.lang.String, java.lang.String)[pri:2, instance:com.cg.app.testcases.HomePageTest@5b67bb7e]" started-at="2021-09-24T15:54:04Z" name="verifyVaccineSlots" data-provider="TestData" finished-at="2021-09-24T15:54:06Z" duration-ms="2096" status="PASS">
          <params>
            <param index="0">
              <value>
                <![CDATA[Maharashtra]]>
              </value>
            </param>
            <param index="1">
              <value>
                <![CDATA[Mumbai]]>
              </value>
            </param>
            <param index="2">
              <value>
                <![CDATA[Free]]>
              </value>
            </param>
            <param index="3">
              <value>
                <![CDATA[Covishield]]>
              </value>
            </param>
          </params>
          <reporter-output>
          </reporter-output>
        </test-method> <!-- verifyVaccineSlots -->
        <test-method is-config="true" signature="tearDown()[pri:0, instance:com.cg.app.testcases.HomePageTest@5b67bb7e]" started-at="2021-09-24T15:54:06Z" name="tearDown" finished-at="2021-09-24T15:54:06Z" duration-ms="144" status="PASS">
          <reporter-output>
          </reporter-output>
        </test-method> <!-- tearDown -->
      </class> <!-- com.cg.app.testcases.HomePageTest -->
    </test> <!-- Default test -->
  </suite> <!-- Default suite -->
</testng-results>
